<!DOCTYPE beans PUBLIC "-//SPRING//DTD BEAN//EN" "http://www.springframework.org/dtd/spring-beans.dtd">

<beans>
	<bean id="hello" class="org.geoserver.hellorest.HelloResource" />

	<bean id="helloMapping" class="org.geoserver.rest.RESTMapping">
		<property name="routes">
			<map>
				<entry>
					<key>
						<value>/hello.{format}</value>
					</key>
					<value>hello</value>
				</entry>
			</map>
		</property>
	</bean>


	<!-- OWS -->
	<bean id="helloService" class="HelloWorld" />

	<bean id="helloService-1.0.0" class="org.geoserver.platform.Service">

		<constructor-arg index="0" value="hello" />
		<constructor-arg index="1" ref="helloService" />
		<constructor-arg index="2" value="1.0.0" />
		<constructor-arg index="3">
			<list>
				<value>sayHello</value>
			</list>
		</constructor-arg>
	</bean>

</beans>